2010-05-27 09:42:00,584 FATAL Description :
Major error occurred - skipping file
com.mind.plugins.api.exceptions.PluginException: Failed parsing BatchControlInfo buffer
	at com.mind.plugins.library.parsers.binary.huawei.msoftx3000.HuaweiHLRParser.parseCDRInfo(HuaweiHLRParser.java:293)
	at com.mind.plugins.library.parsers.binary.huawei.msoftx3000.HuaweiHLRParser.parseCdr(HuaweiHLRParser.java:327)
	at Huawei.CdrBinaryParser.Parse(CdrBinaryParser.java:167)
	at sun.reflect.GeneratedMethodAccessor70.invoke(Unknown Source)
	at sun.reflect.DelegatingMethodAccessorImpl.invoke(DelegatingMethodAccessorImpl.java:25)
	at java.lang.reflect.Method.invoke(Method.java:585)
	at com.mind.plugins.api.model.plugins.PluginObjectImpl.executePlugin(PluginObjectImpl.java:91)
	at com.mind.plugins.api.model.plugins.PluginInstance.execute(PluginInstance.java:120)
	at com.mind.plugins.api.handlers.DefaultPointHandler.execute(DefaultPointHandler.java:64)
	at com.mind.plugins.api.manager.PluginPointManager.execute(PluginPointManager.java:79)
	at com.mind.mediation.common.logic.cdrparsers.plugin.binary.BinaryParserPluginManager.parse(BinaryParserPluginManager.java:79)
	at com.mind.mediation.common.logic.cdrparsers.plugin.binary.BinaryPluginParser.analyze(BinaryPluginParser.java:68)
	at com.mind.mediation.applications.processor.parsing.parsers.BinaryFileParser.parseCdr(BinaryFileParser.java:178)
	at com.mind.mediation.applications.processor.parsing.parsers.FileParser.analyze(FileParser.java:109)
	at com.mind.mediation.applications.processor.parsing.parsers.FileParser.analyze(FileParser.java:90)
	at com.mind.mediation.applications.processor.parsing.drivers.file.types.RegularFileCdrSource.analyze(RegularFileCdrSource.java:300)
	at com.mind.mediation.applications.processor.parsing.drivers.file.FileDriver.analyze(FileDriver.java:156)
	at com.mind.mediation.applications.processor.parsing.thread.ParserThread.parseGatewaySources(ParserThread.java:508)
	at com.mind.mediation.applications.processor.parsing.thread.ParserThread.work(ParserThread.java:446)
	at com.mind.utils.threads.messagethread.reconnectthread.ReconnectThread.execute(ReconnectThread.java:144)
	at com.mind.mediation.applications.processor.parsing.thread.ParserThread.execute(ParserThread.java:404)
	at com.mind.utils.threads.BaseThread.run(BaseThread.java:266)
	at java.lang.Thread.run(Thread.java:595)
